1
2
3
4
5
6
7
8
9
10
/Users/andrewhamilton/Desktop/WorkSD/mojo-tests/langtrain/code.js:4
  }x
   ^

ReferenceError: x is not defined
    at printEvenNumbers (/Users/andrewhamilton/Desktop/WorkSD/mojo-tests/langtrain/code.js:4:4)
    at Object.<anonymous> (/Users/andrewhamilton/Desktop/WorkSD/mojo-tests/langtrain/code.js:7:1)
    at Module._compile (node:internal/modules/cjs/loader:1159:14)
    at Module._extensions..js (node:internal/modules/cjs/loader:1213:10)
    at Module.load (node:internal/modules/cjs/loader:1037:32)
    at Module._load (node:internal/modules/cjs/loader:878:12)
    at Function.executeUserEntryPoint [as runMain] (node:internal/modules/run_main:81:12)
    at node:internal/main/run_main_module:23:47

Node.js v18.12.1
